20:35:39 02/28/15 AEDT   starting reduction
20:35:39 02/28/15 AEDT Created filenames for 4 channels. Example: ['09feb10027.fits', '09feb10028.fits', '09feb10029.fits', '09feb10030.fits', '09feb10031.fits']
20:35:39 02/28/15 AEDT current folders is /home/staff/mq20101889/HERMES/reductions/m67_lr_6.2/7_09feb/1/
      Flat  09feb10027.fits
      Arc  09feb10028.fits
      Science files ['09feb10029.fits', '09feb10030.fits', '09feb10031.fits']
20:35:39 02/28/15 AEDT       >>Reducing flat
      OS Command drcontrol reduce_fflat 09feb10027.fits -idxfile no_flat_no_bias.idx -OUT_DIRNAME 09feb10027_outdir
20:38:56 02/28/15 AEDT       >>Reducing arc
      OS Command drcontrol reduce_arc 09feb10028.fits -idxfile no_flat_no_bias.idx -TLMAP_FILENAME 09feb10027tlm.fits -OUT_DIRNAME 09feb10028_outdir
20:42:33 02/28/15 AEDT       >>Scrunching flat
      OS Command drcontrol reduce_fflat 09feb10027.fits -idxfile no_flat_no_bias.idx -WAVEL_FILENAME 09feb10028red.fits -OUT_DIRNAME 09feb10027_outdir
20:48:13 02/28/15 AEDT       >>Reducing science 09feb10029.fits
      OS Command drcontrol reduce_object 09feb10029.fits -idxfile no_flat_no_bias.idx -WAVEL_FILENAME 09feb10028red.fits -TLMAP_FILENAME 09feb10027tlm.fits -FFLAT_FILENAME 09feb10027red.fits -OUT_DIRNAME 09feb10029_outdir
      Copying 09feb10029red.fits to /home/staff/mq20101889/HERMES/reductions/m67_lr_6.2/cam1/
20:52:46 02/28/15 AEDT       >>Reducing science 09feb10030.fits
      OS Command drcontrol reduce_object 09feb10030.fits -idxfile no_flat_no_bias.idx -WAVEL_FILENAME 09feb10028red.fits -TLMAP_FILENAME 09feb10027tlm.fits -FFLAT_FILENAME 09feb10027red.fits -OUT_DIRNAME 09feb10030_outdir
      Copying 09feb10030red.fits to /home/staff/mq20101889/HERMES/reductions/m67_lr_6.2/cam1/
20:57:30 02/28/15 AEDT       >>Reducing science 09feb10031.fits
      OS Command drcontrol reduce_object 09feb10031.fits -idxfile no_flat_no_bias.idx -WAVEL_FILENAME 09feb10028red.fits -TLMAP_FILENAME 09feb10027tlm.fits -FFLAT_FILENAME 09feb10027red.fits -OUT_DIRNAME 09feb10031_outdir
      Copying 09feb10031red.fits to /home/staff/mq20101889/HERMES/reductions/m67_lr_6.2/cam1/
21:02:36 02/28/15 AEDT current folders is /home/staff/mq20101889/HERMES/reductions/m67_lr_6.2/7_09feb/2/
      Flat  09feb20027.fits
      Arc  09feb20028.fits
      Science files ['09feb20029.fits', '09feb20030.fits', '09feb20031.fits']
21:02:36 02/28/15 AEDT       >>Reducing flat
      OS Command drcontrol reduce_fflat 09feb20027.fits -idxfile no_flat_no_bias.idx -OUT_DIRNAME 09feb20027_outdir
21:09:34 02/28/15 AEDT       >>Reducing arc
      OS Command drcontrol reduce_arc 09feb20028.fits -idxfile no_flat_no_bias.idx -TLMAP_FILENAME 09feb20027tlm.fits -OUT_DIRNAME 09feb20028_outdir
21:16:15 02/28/15 AEDT       >>Scrunching flat
      OS Command drcontrol reduce_fflat 09feb20027.fits -idxfile no_flat_no_bias.idx -WAVEL_FILENAME 09feb20028red.fits -OUT_DIRNAME 09feb20027_outdir
21:28:30 02/28/15 AEDT       >>Reducing science 09feb20029.fits
      OS Command drcontrol reduce_object 09feb20029.fits -idxfile no_flat_no_bias.idx -WAVEL_FILENAME 09feb20028red.fits -TLMAP_FILENAME 09feb20027tlm.fits -FFLAT_FILENAME 09feb20027red.fits -OUT_DIRNAME 09feb20029_outdir
      Copying 09feb20029red.fits to /home/staff/mq20101889/HERMES/reductions/m67_lr_6.2/cam2/
21:44:04 02/28/15 AEDT       >>Reducing science 09feb20030.fits
      OS Command drcontrol reduce_object 09feb20030.fits -idxfile no_flat_no_bias.idx -WAVEL_FILENAME 09feb20028red.fits -TLMAP_FILENAME 09feb20027tlm.fits -FFLAT_FILENAME 09feb20027red.fits -OUT_DIRNAME 09feb20030_outdir
      Copying 09feb20030red.fits to /home/staff/mq20101889/HERMES/reductions/m67_lr_6.2/cam2/
22:01:12 02/28/15 AEDT       >>Reducing science 09feb20031.fits
      OS Command drcontrol reduce_object 09feb20031.fits -idxfile no_flat_no_bias.idx -WAVEL_FILENAME 09feb20028red.fits -TLMAP_FILENAME 09feb20027tlm.fits -FFLAT_FILENAME 09feb20027red.fits -OUT_DIRNAME 09feb20031_outdir
      Copying 09feb20031red.fits to /home/staff/mq20101889/HERMES/reductions/m67_lr_6.2/cam2/
22:15:42 02/28/15 AEDT current folders is /home/staff/mq20101889/HERMES/reductions/m67_lr_6.2/7_09feb/3/
      Flat  09feb30027.fits
      Arc  09feb30028.fits
      Science files ['09feb30029.fits', '09feb30030.fits', '09feb30031.fits']
22:15:42 02/28/15 AEDT       >>Reducing flat
      OS Command drcontrol reduce_fflat 09feb30027.fits -idxfile no_flat_no_bias.idx -OUT_DIRNAME 09feb30027_outdir
22:31:11 02/28/15 AEDT       >>Reducing arc
      OS Command drcontrol reduce_arc 09feb30028.fits -idxfile no_flat_no_bias.idx -TLMAP_FILENAME 09feb30027tlm.fits -OUT_DIRNAME 09feb30028_outdir
22:49:02 02/28/15 AEDT       >>Scrunching flat
      OS Command drcontrol reduce_fflat 09feb30027.fits -idxfile no_flat_no_bias.idx -WAVEL_FILENAME 09feb30028red.fits -OUT_DIRNAME 09feb30027_outdir
22:59:48 02/28/15 AEDT       >>Reducing science 09feb30029.fits
      OS Command drcontrol reduce_object 09feb30029.fits -idxfile no_flat_no_bias.idx -WAVEL_FILENAME 09feb30028red.fits -TLMAP_FILENAME 09feb30027tlm.fits -FFLAT_FILENAME 09feb30027red.fits -OUT_DIRNAME 09feb30029_outdir
      Copying 09feb30029red.fits to /home/staff/mq20101889/HERMES/reductions/m67_lr_6.2/cam3/
23:09:25 02/28/15 AEDT       >>Reducing science 09feb30030.fits
      OS Command drcontrol reduce_object 09feb30030.fits -idxfile no_flat_no_bias.idx -WAVEL_FILENAME 09feb30028red.fits -TLMAP_FILENAME 09feb30027tlm.fits -FFLAT_FILENAME 09feb30027red.fits -OUT_DIRNAME 09feb30030_outdir
      Copying 09feb30030red.fits to /home/staff/mq20101889/HERMES/reductions/m67_lr_6.2/cam3/
23:19:29 02/28/15 AEDT       >>Reducing science 09feb30031.fits
      OS Command drcontrol reduce_object 09feb30031.fits -idxfile no_flat_no_bias.idx -WAVEL_FILENAME 09feb30028red.fits -TLMAP_FILENAME 09feb30027tlm.fits -FFLAT_FILENAME 09feb30027red.fits -OUT_DIRNAME 09feb30031_outdir
      Copying 09feb30031red.fits to /home/staff/mq20101889/HERMES/reductions/m67_lr_6.2/cam3/
23:29:46 02/28/15 AEDT current folders is /home/staff/mq20101889/HERMES/reductions/m67_lr_6.2/7_09feb/4/
      Flat  09feb40027.fits
      Arc  09feb40028.fits
      Science files ['09feb40029.fits', '09feb40030.fits', '09feb40031.fits']
23:29:46 02/28/15 AEDT       >>Reducing flat
      OS Command drcontrol reduce_fflat 09feb40027.fits -idxfile no_flat_no_bias.idx -OUT_DIRNAME 09feb40027_outdir
23:40:27 02/28/15 AEDT       >>Reducing arc
      OS Command drcontrol reduce_arc 09feb40028.fits -idxfile no_flat_no_bias.idx -TLMAP_FILENAME 09feb40027tlm.fits -OUT_DIRNAME 09feb40028_outdir
23:51:07 02/28/15 AEDT       >>Scrunching flat
      OS Command drcontrol reduce_fflat 09feb40027.fits -idxfile no_flat_no_bias.idx -WAVEL_FILENAME 09feb40028red.fits -OUT_DIRNAME 09feb40027_outdir
00:01:55 03/01/15 AEDT       >>Reducing science 09feb40029.fits
      OS Command drcontrol reduce_object 09feb40029.fits -idxfile no_flat_no_bias.idx -WAVEL_FILENAME 09feb40028red.fits -TLMAP_FILENAME 09feb40027tlm.fits -FFLAT_FILENAME 09feb40027red.fits -OUT_DIRNAME 09feb40029_outdir
      Copying 09feb40029red.fits to /home/staff/mq20101889/HERMES/reductions/m67_lr_6.2/cam4/
00:12:07 03/01/15 AEDT       >>Reducing science 09feb40030.fits
      OS Command drcontrol reduce_object 09feb40030.fits -idxfile no_flat_no_bias.idx -WAVEL_FILENAME 09feb40028red.fits -TLMAP_FILENAME 09feb40027tlm.fits -FFLAT_FILENAME 09feb40027red.fits -OUT_DIRNAME 09feb40030_outdir
      Copying 09feb40030red.fits to /home/staff/mq20101889/HERMES/reductions/m67_lr_6.2/cam4/
00:22:01 03/01/15 AEDT       >>Reducing science 09feb40031.fits
      OS Command drcontrol reduce_object 09feb40031.fits -idxfile no_flat_no_bias.idx -WAVEL_FILENAME 09feb40028red.fits -TLMAP_FILENAME 09feb40027tlm.fits -FFLAT_FILENAME 09feb40027red.fits -OUT_DIRNAME 09feb40031_outdir
      Copying 09feb40031red.fits to /home/staff/mq20101889/HERMES/reductions/m67_lr_6.2/cam4/
00:31:06 03/01/15 AEDT current folders is /home/staff/mq20101889/HERMES/reductions/m67_lr_6.2/7_09feb/1/
      Flat  09feb10027.fits
      Arc  09feb10028.fits
      Science files ['09feb10029.fits', '09feb10030.fits', '09feb10031.fits']
00:31:06 03/01/15 AEDT       >>Reducing flat
