21:16:03 02/28/15 AEDT   starting reduction
21:16:03 02/28/15 AEDT Created filenames for 4 channels. Example: ['07jan10048.fits', '07jan10047.fits', '07jan10049.fits', '07jan10050.fits', '07jan10051.fits']
21:16:03 02/28/15 AEDT current folders is /home/staff/mq20101889/HERMES/reductions/m67_lr_6.2/12_07jan/1/
      Flat  07jan10048.fits
      Arc  07jan10047.fits
      Science files ['07jan10049.fits', '07jan10050.fits', '07jan10051.fits']
21:16:03 02/28/15 AEDT       >>Reducing flat
      OS Command drcontrol reduce_fflat 07jan10048.fits -idxfile no_flat_no_bias.idx -OUT_DIRNAME 07jan10048_outdir
21:27:53 02/28/15 AEDT       >>Reducing arc
      OS Command drcontrol reduce_arc 07jan10047.fits -idxfile no_flat_no_bias.idx -TLMAP_FILENAME 07jan10048tlm.fits -OUT_DIRNAME 07jan10047_outdir
21:43:01 02/28/15 AEDT       >>Scrunching flat
      OS Command drcontrol reduce_fflat 07jan10048.fits -idxfile no_flat_no_bias.idx -WAVEL_FILENAME 07jan10047red.fits -OUT_DIRNAME 07jan10048_outdir
22:01:02 02/28/15 AEDT       >>Reducing science 07jan10049.fits
      OS Command drcontrol reduce_object 07jan10049.fits -idxfile no_flat_no_bias.idx -WAVEL_FILENAME 07jan10047red.fits -TLMAP_FILENAME 07jan10048tlm.fits -FFLAT_FILENAME 07jan10048red.fits -OUT_DIRNAME 07jan10049_outdir
      Copying 07jan10049red.fits to /home/staff/mq20101889/HERMES/reductions/m67_lr_6.2/cam1/
22:15:40 02/28/15 AEDT       >>Reducing science 07jan10050.fits
      OS Command drcontrol reduce_object 07jan10050.fits -idxfile no_flat_no_bias.idx -WAVEL_FILENAME 07jan10047red.fits -TLMAP_FILENAME 07jan10048tlm.fits -FFLAT_FILENAME 07jan10048red.fits -OUT_DIRNAME 07jan10050_outdir
      Copying 07jan10050red.fits to /home/staff/mq20101889/HERMES/reductions/m67_lr_6.2/cam1/
22:30:21 02/28/15 AEDT       >>Reducing science 07jan10051.fits
      OS Command drcontrol reduce_object 07jan10051.fits -idxfile no_flat_no_bias.idx -WAVEL_FILENAME 07jan10047red.fits -TLMAP_FILENAME 07jan10048tlm.fits -FFLAT_FILENAME 07jan10048red.fits -OUT_DIRNAME 07jan10051_outdir
      Copying 07jan10051red.fits to /home/staff/mq20101889/HERMES/reductions/m67_lr_6.2/cam1/
22:48:53 02/28/15 AEDT current folders is /home/staff/mq20101889/HERMES/reductions/m67_lr_6.2/12_07jan/2/
      Flat  07jan20048.fits
      Arc  07jan20047.fits
      Science files ['07jan20049.fits', '07jan20050.fits', '07jan20051.fits']
22:48:53 02/28/15 AEDT       >>Reducing flat
      OS Command drcontrol reduce_fflat 07jan20048.fits -idxfile no_flat_no_bias.idx -OUT_DIRNAME 07jan20048_outdir
22:59:46 02/28/15 AEDT       >>Reducing arc
      OS Command drcontrol reduce_arc 07jan20047.fits -idxfile no_flat_no_bias.idx -TLMAP_FILENAME 07jan20048tlm.fits -OUT_DIRNAME 07jan20047_outdir
23:09:25 02/28/15 AEDT       >>Scrunching flat
      OS Command drcontrol reduce_fflat 07jan20048.fits -idxfile no_flat_no_bias.idx -WAVEL_FILENAME 07jan20047red.fits -OUT_DIRNAME 07jan20048_outdir
23:20:05 02/28/15 AEDT       >>Reducing science 07jan20049.fits
      OS Command drcontrol reduce_object 07jan20049.fits -idxfile no_flat_no_bias.idx -WAVEL_FILENAME 07jan20047red.fits -TLMAP_FILENAME 07jan20048tlm.fits -FFLAT_FILENAME 07jan20048red.fits -OUT_DIRNAME 07jan20049_outdir
      Copying 07jan20049red.fits to /home/staff/mq20101889/HERMES/reductions/m67_lr_6.2/cam2/
23:29:53 02/28/15 AEDT       >>Reducing science 07jan20050.fits
      OS Command drcontrol reduce_object 07jan20050.fits -idxfile no_flat_no_bias.idx -WAVEL_FILENAME 07jan20047red.fits -TLMAP_FILENAME 07jan20048tlm.fits -FFLAT_FILENAME 07jan20048red.fits -OUT_DIRNAME 07jan20050_outdir
      Copying 07jan20050red.fits to /home/staff/mq20101889/HERMES/reductions/m67_lr_6.2/cam2/
23:40:00 02/28/15 AEDT       >>Reducing science 07jan20051.fits
      OS Command drcontrol reduce_object 07jan20051.fits -idxfile no_flat_no_bias.idx -WAVEL_FILENAME 07jan20047red.fits -TLMAP_FILENAME 07jan20048tlm.fits -FFLAT_FILENAME 07jan20048red.fits -OUT_DIRNAME 07jan20051_outdir
      Copying 07jan20051red.fits to /home/staff/mq20101889/HERMES/reductions/m67_lr_6.2/cam2/
23:50:35 02/28/15 AEDT current folders is /home/staff/mq20101889/HERMES/reductions/m67_lr_6.2/12_07jan/3/
      Flat  07jan30048.fits
      Arc  07jan30047.fits
      Science files ['07jan30049.fits', '07jan30050.fits', '07jan30051.fits']
23:50:35 02/28/15 AEDT       >>Reducing flat
      OS Command drcontrol reduce_fflat 07jan30048.fits -idxfile no_flat_no_bias.idx -OUT_DIRNAME 07jan30048_outdir
00:01:49 03/01/15 AEDT       >>Reducing arc
      OS Command drcontrol reduce_arc 07jan30047.fits -idxfile no_flat_no_bias.idx -TLMAP_FILENAME 07jan30048tlm.fits -OUT_DIRNAME 07jan30047_outdir
00:12:11 03/01/15 AEDT       >>Scrunching flat
      OS Command drcontrol reduce_fflat 07jan30048.fits -idxfile no_flat_no_bias.idx -WAVEL_FILENAME 07jan30047red.fits -OUT_DIRNAME 07jan30048_outdir
00:22:47 03/01/15 AEDT       >>Reducing science 07jan30049.fits
      OS Command drcontrol reduce_object 07jan30049.fits -idxfile no_flat_no_bias.idx -WAVEL_FILENAME 07jan30047red.fits -TLMAP_FILENAME 07jan30048tlm.fits -FFLAT_FILENAME 07jan30048red.fits -OUT_DIRNAME 07jan30049_outdir
      Copying 07jan30049red.fits to /home/staff/mq20101889/HERMES/reductions/m67_lr_6.2/cam3/
00:31:43 03/01/15 AEDT       >>Reducing science 07jan30050.fits
      OS Command drcontrol reduce_object 07jan30050.fits -idxfile no_flat_no_bias.idx -WAVEL_FILENAME 07jan30047red.fits -TLMAP_FILENAME 07jan30048tlm.fits -FFLAT_FILENAME 07jan30048red.fits -OUT_DIRNAME 07jan30050_outdir
      Copying 07jan30050red.fits to /home/staff/mq20101889/HERMES/reductions/m67_lr_6.2/cam3/
00:43:31 03/01/15 AEDT       >>Reducing science 07jan30051.fits
      OS Command drcontrol reduce_object 07jan30051.fits -idxfile no_flat_no_bias.idx -WAVEL_FILENAME 07jan30047red.fits -TLMAP_FILENAME 07jan30048tlm.fits -FFLAT_FILENAME 07jan30048red.fits -OUT_DIRNAME 07jan30051_outdir
      Copying 07jan30051red.fits to /home/staff/mq20101889/HERMES/reductions/m67_lr_6.2/cam3/
00:53:07 03/01/15 AEDT current folders is /home/staff/mq20101889/HERMES/reductions/m67_lr_6.2/12_07jan/4/
      Flat  07jan40048.fits
      Arc  07jan40047.fits
      Science files ['07jan40049.fits', '07jan40050.fits', '07jan40051.fits']
00:53:07 03/01/15 AEDT       >>Reducing flat
      OS Command drcontrol reduce_fflat 07jan40048.fits -idxfile no_flat_no_bias.idx -OUT_DIRNAME 07jan40048_outdir
01:01:15 03/01/15 AEDT       >>Reducing arc
      OS Command drcontrol reduce_arc 07jan40047.fits -idxfile no_flat_no_bias.idx -TLMAP_FILENAME 07jan40048tlm.fits -OUT_DIRNAME 07jan40047_outdir
01:08:42 03/01/15 AEDT       >>Scrunching flat
      OS Command drcontrol reduce_fflat 07jan40048.fits -idxfile no_flat_no_bias.idx -WAVEL_FILENAME 07jan40047red.fits -OUT_DIRNAME 07jan40048_outdir
01:17:09 03/01/15 AEDT       >>Reducing science 07jan40049.fits
      OS Command drcontrol reduce_object 07jan40049.fits -idxfile no_flat_no_bias.idx -WAVEL_FILENAME 07jan40047red.fits -TLMAP_FILENAME 07jan40048tlm.fits -FFLAT_FILENAME 07jan40048red.fits -OUT_DIRNAME 07jan40049_outdir
      Copying 07jan40049red.fits to /home/staff/mq20101889/HERMES/reductions/m67_lr_6.2/cam4/
01:24:10 03/01/15 AEDT       >>Reducing science 07jan40050.fits
      OS Command drcontrol reduce_object 07jan40050.fits -idxfile no_flat_no_bias.idx -WAVEL_FILENAME 07jan40047red.fits -TLMAP_FILENAME 07jan40048tlm.fits -FFLAT_FILENAME 07jan40048red.fits -OUT_DIRNAME 07jan40050_outdir
      Copying 07jan40050red.fits to /home/staff/mq20101889/HERMES/reductions/m67_lr_6.2/cam4/
