20:38:42 02/28/15 AEDT   starting reduction
20:38:42 02/28/15 AEDT Created filenames for 4 channels. Example: ['09feb10032.fits', '09feb10033.fits', '09feb10034.fits', '09feb10035.fits', '09feb10036.fits']
20:38:42 02/28/15 AEDT current folders is /home/staff/mq20101889/HERMES/reductions/m67_lr_6.2/8_09feb/1/
      Flat  09feb10032.fits
      Arc  09feb10033.fits
      Science files ['09feb10034.fits', '09feb10035.fits', '09feb10036.fits']
20:38:42 02/28/15 AEDT       >>Reducing flat
      OS Command drcontrol reduce_fflat 09feb10032.fits -idxfile no_flat_no_bias.idx -OUT_DIRNAME 09feb10032_outdir
20:42:59 02/28/15 AEDT       >>Reducing arc
      OS Command drcontrol reduce_arc 09feb10033.fits -idxfile no_flat_no_bias.idx -TLMAP_FILENAME 09feb10032tlm.fits -OUT_DIRNAME 09feb10033_outdir
20:47:42 02/28/15 AEDT       >>Scrunching flat
      OS Command drcontrol reduce_fflat 09feb10032.fits -idxfile no_flat_no_bias.idx -WAVEL_FILENAME 09feb10033red.fits -OUT_DIRNAME 09feb10032_outdir
20:53:21 02/28/15 AEDT       >>Reducing science 09feb10034.fits
      OS Command drcontrol reduce_object 09feb10034.fits -idxfile no_flat_no_bias.idx -WAVEL_FILENAME 09feb10033red.fits -TLMAP_FILENAME 09feb10032tlm.fits -FFLAT_FILENAME 09feb10032red.fits -OUT_DIRNAME 09feb10034_outdir
      Copying 09feb10034red.fits to /home/staff/mq20101889/HERMES/reductions/m67_lr_6.2/cam1/
20:57:57 02/28/15 AEDT       >>Reducing science 09feb10035.fits
      OS Command drcontrol reduce_object 09feb10035.fits -idxfile no_flat_no_bias.idx -WAVEL_FILENAME 09feb10033red.fits -TLMAP_FILENAME 09feb10032tlm.fits -FFLAT_FILENAME 09feb10032red.fits -OUT_DIRNAME 09feb10035_outdir
      Copying 09feb10035red.fits to /home/staff/mq20101889/HERMES/reductions/m67_lr_6.2/cam1/
21:02:40 02/28/15 AEDT       >>Reducing science 09feb10036.fits
      OS Command drcontrol reduce_object 09feb10036.fits -idxfile no_flat_no_bias.idx -WAVEL_FILENAME 09feb10033red.fits -TLMAP_FILENAME 09feb10032tlm.fits -FFLAT_FILENAME 09feb10032red.fits -OUT_DIRNAME 09feb10036_outdir
      Copying 09feb10036red.fits to /home/staff/mq20101889/HERMES/reductions/m67_lr_6.2/cam1/
21:09:06 02/28/15 AEDT current folders is /home/staff/mq20101889/HERMES/reductions/m67_lr_6.2/8_09feb/2/
      Flat  09feb20032.fits
      Arc  09feb20033.fits
      Science files ['09feb20034.fits', '09feb20035.fits', '09feb20036.fits']
21:09:06 02/28/15 AEDT       >>Reducing flat
      OS Command drcontrol reduce_fflat 09feb20032.fits -idxfile no_flat_no_bias.idx -OUT_DIRNAME 09feb20032_outdir
21:16:19 02/28/15 AEDT       >>Reducing arc
      OS Command drcontrol reduce_arc 09feb20033.fits -idxfile no_flat_no_bias.idx -TLMAP_FILENAME 09feb20032tlm.fits -OUT_DIRNAME 09feb20033_outdir
21:28:59 02/28/15 AEDT       >>Scrunching flat
      OS Command drcontrol reduce_fflat 09feb20032.fits -idxfile no_flat_no_bias.idx -WAVEL_FILENAME 09feb20033red.fits -OUT_DIRNAME 09feb20032_outdir
21:45:17 02/28/15 AEDT       >>Reducing science 09feb20034.fits
      OS Command drcontrol reduce_object 09feb20034.fits -idxfile no_flat_no_bias.idx -WAVEL_FILENAME 09feb20033red.fits -TLMAP_FILENAME 09feb20032tlm.fits -FFLAT_FILENAME 09feb20032red.fits -OUT_DIRNAME 09feb20034_outdir
      Copying 09feb20034red.fits to /home/staff/mq20101889/HERMES/reductions/m67_lr_6.2/cam2/
22:03:07 02/28/15 AEDT       >>Reducing science 09feb20035.fits
      OS Command drcontrol reduce_object 09feb20035.fits -idxfile no_flat_no_bias.idx -WAVEL_FILENAME 09feb20033red.fits -TLMAP_FILENAME 09feb20032tlm.fits -FFLAT_FILENAME 09feb20032red.fits -OUT_DIRNAME 09feb20035_outdir
      Copying 09feb20035red.fits to /home/staff/mq20101889/HERMES/reductions/m67_lr_6.2/cam2/
22:18:11 02/28/15 AEDT       >>Reducing science 09feb20036.fits
      OS Command drcontrol reduce_object 09feb20036.fits -idxfile no_flat_no_bias.idx -WAVEL_FILENAME 09feb20033red.fits -TLMAP_FILENAME 09feb20032tlm.fits -FFLAT_FILENAME 09feb20032red.fits -OUT_DIRNAME 09feb20036_outdir
      Copying 09feb20036red.fits to /home/staff/mq20101889/HERMES/reductions/m67_lr_6.2/cam2/
22:34:52 02/28/15 AEDT current folders is /home/staff/mq20101889/HERMES/reductions/m67_lr_6.2/8_09feb/3/
      Flat  09feb30032.fits
      Arc  09feb30033.fits
      Science files ['09feb30034.fits', '09feb30035.fits', '09feb30036.fits']
22:34:52 02/28/15 AEDT       >>Reducing flat
      OS Command drcontrol reduce_fflat 09feb30032.fits -idxfile no_flat_no_bias.idx -OUT_DIRNAME 09feb30032_outdir
22:49:48 02/28/15 AEDT       >>Reducing arc
      OS Command drcontrol reduce_arc 09feb30033.fits -idxfile no_flat_no_bias.idx -TLMAP_FILENAME 09feb30032tlm.fits -OUT_DIRNAME 09feb30033_outdir
22:59:27 02/28/15 AEDT       >>Scrunching flat
      OS Command drcontrol reduce_fflat 09feb30032.fits -idxfile no_flat_no_bias.idx -WAVEL_FILENAME 09feb30033red.fits -OUT_DIRNAME 09feb30032_outdir
23:09:47 02/28/15 AEDT       >>Reducing science 09feb30034.fits
      OS Command drcontrol reduce_object 09feb30034.fits -idxfile no_flat_no_bias.idx -WAVEL_FILENAME 09feb30033red.fits -TLMAP_FILENAME 09feb30032tlm.fits -FFLAT_FILENAME 09feb30032red.fits -OUT_DIRNAME 09feb30034_outdir
      Copying 09feb30034red.fits to /home/staff/mq20101889/HERMES/reductions/m67_lr_6.2/cam3/
23:19:41 02/28/15 AEDT       >>Reducing science 09feb30035.fits
      OS Command drcontrol reduce_object 09feb30035.fits -idxfile no_flat_no_bias.idx -WAVEL_FILENAME 09feb30033red.fits -TLMAP_FILENAME 09feb30032tlm.fits -FFLAT_FILENAME 09feb30032red.fits -OUT_DIRNAME 09feb30035_outdir
      Copying 09feb30035red.fits to /home/staff/mq20101889/HERMES/reductions/m67_lr_6.2/cam3/
23:29:48 02/28/15 AEDT       >>Reducing science 09feb30036.fits
      OS Command drcontrol reduce_object 09feb30036.fits -idxfile no_flat_no_bias.idx -WAVEL_FILENAME 09feb30033red.fits -TLMAP_FILENAME 09feb30032tlm.fits -FFLAT_FILENAME 09feb30032red.fits -OUT_DIRNAME 09feb30036_outdir
      Copying 09feb30036red.fits to /home/staff/mq20101889/HERMES/reductions/m67_lr_6.2/cam3/
23:39:56 02/28/15 AEDT current folders is /home/staff/mq20101889/HERMES/reductions/m67_lr_6.2/8_09feb/4/
      Flat  09feb40032.fits
      Arc  09feb40033.fits
      Science files ['09feb40034.fits', '09feb40035.fits', '09feb40036.fits']
23:39:56 02/28/15 AEDT       >>Reducing flat
      OS Command drcontrol reduce_fflat 09feb40032.fits -idxfile no_flat_no_bias.idx -OUT_DIRNAME 09feb40032_outdir
23:51:11 02/28/15 AEDT       >>Reducing arc
      OS Command drcontrol reduce_arc 09feb40033.fits -idxfile no_flat_no_bias.idx -TLMAP_FILENAME 09feb40032tlm.fits -OUT_DIRNAME 09feb40033_outdir
00:01:14 03/01/15 AEDT       >>Scrunching flat
      OS Command drcontrol reduce_fflat 09feb40032.fits -idxfile no_flat_no_bias.idx -WAVEL_FILENAME 09feb40033red.fits -OUT_DIRNAME 09feb40032_outdir
00:12:04 03/01/15 AEDT       >>Reducing science 09feb40034.fits
      OS Command drcontrol reduce_object 09feb40034.fits -idxfile no_flat_no_bias.idx -WAVEL_FILENAME 09feb40033red.fits -TLMAP_FILENAME 09feb40032tlm.fits -FFLAT_FILENAME 09feb40032red.fits -OUT_DIRNAME 09feb40034_outdir
      Copying 09feb40034red.fits to /home/staff/mq20101889/HERMES/reductions/m67_lr_6.2/cam4/
00:22:01 03/01/15 AEDT       >>Reducing science 09feb40035.fits
      OS Command drcontrol reduce_object 09feb40035.fits -idxfile no_flat_no_bias.idx -WAVEL_FILENAME 09feb40033red.fits -TLMAP_FILENAME 09feb40032tlm.fits -FFLAT_FILENAME 09feb40032red.fits -OUT_DIRNAME 09feb40035_outdir
      Copying 09feb40035red.fits to /home/staff/mq20101889/HERMES/reductions/m67_lr_6.2/cam4/
00:31:06 03/01/15 AEDT       >>Reducing science 09feb40036.fits
      OS Command drcontrol reduce_object 09feb40036.fits -idxfile no_flat_no_bias.idx -WAVEL_FILENAME 09feb40033red.fits -TLMAP_FILENAME 09feb40032tlm.fits -FFLAT_FILENAME 09feb40032red.fits -OUT_DIRNAME 09feb40036_outdir
      Copying 09feb40036red.fits to /home/staff/mq20101889/HERMES/reductions/m67_lr_6.2/cam4/
00:43:23 03/01/15 AEDT current folders is /home/staff/mq20101889/HERMES/reductions/m67_lr_6.2/8_09feb/1/
      Flat  09feb10032.fits
      Arc  09feb10033.fits
      Science files ['09feb10034.fits', '09feb10035.fits', '09feb10036.fits']
00:43:23 03/01/15 AEDT       >>Reducing flat
