21:15:25 02/28/15 AEDT   starting reduction
21:15:25 02/28/15 AEDT Created filenames for 4 channels. Example: ['11feb10019.fits', '11feb10020.fits', '11feb10021.fits', '11feb10022.fits', '11feb10023.fits', '11feb10024.fits', '11feb10025.fits', '11feb10026.fits']
21:15:25 02/28/15 AEDT current folders is /home/staff/mq20101889/HERMES/reductions/m67_lr_6.2/11_11feb/1/
      Flat  11feb10019.fits
      Arc  11feb10020.fits
      Science files ['11feb10021.fits', '11feb10022.fits', '11feb10023.fits', '11feb10024.fits', '11feb10025.fits', '11feb10026.fits']
21:15:25 02/28/15 AEDT       >>Reducing flat
      OS Command drcontrol reduce_fflat 11feb10019.fits -idxfile no_flat_no_bias.idx -OUT_DIRNAME 11feb10019_outdir
21:27:02 02/28/15 AEDT       >>Reducing arc
      OS Command drcontrol reduce_arc 11feb10020.fits -idxfile no_flat_no_bias.idx -TLMAP_FILENAME 11feb10019tlm.fits -OUT_DIRNAME 11feb10020_outdir
21:41:46 02/28/15 AEDT       >>Scrunching flat
      OS Command drcontrol reduce_fflat 11feb10019.fits -idxfile no_flat_no_bias.idx -WAVEL_FILENAME 11feb10020red.fits -OUT_DIRNAME 11feb10019_outdir
22:00:46 02/28/15 AEDT       >>Reducing science 11feb10021.fits
      OS Command drcontrol reduce_object 11feb10021.fits -idxfile no_flat_no_bias.idx -WAVEL_FILENAME 11feb10020red.fits -TLMAP_FILENAME 11feb10019tlm.fits -FFLAT_FILENAME 11feb10019red.fits -OUT_DIRNAME 11feb10021_outdir
      Copying 11feb10021red.fits to /home/staff/mq20101889/HERMES/reductions/m67_lr_6.2/cam1/
22:15:15 02/28/15 AEDT       >>Reducing science 11feb10022.fits
      OS Command drcontrol reduce_object 11feb10022.fits -idxfile no_flat_no_bias.idx -WAVEL_FILENAME 11feb10020red.fits -TLMAP_FILENAME 11feb10019tlm.fits -FFLAT_FILENAME 11feb10019red.fits -OUT_DIRNAME 11feb10022_outdir
      Copying 11feb10022red.fits to /home/staff/mq20101889/HERMES/reductions/m67_lr_6.2/cam1/
22:29:58 02/28/15 AEDT       >>Reducing science 11feb10023.fits
      OS Command drcontrol reduce_object 11feb10023.fits -idxfile no_flat_no_bias.idx -WAVEL_FILENAME 11feb10020red.fits -TLMAP_FILENAME 11feb10019tlm.fits -FFLAT_FILENAME 11feb10019red.fits -OUT_DIRNAME 11feb10023_outdir
      Copying 11feb10023red.fits to /home/staff/mq20101889/HERMES/reductions/m67_lr_6.2/cam1/
22:48:53 02/28/15 AEDT       >>Reducing science 11feb10024.fits
      OS Command drcontrol reduce_object 11feb10024.fits -idxfile no_flat_no_bias.idx -WAVEL_FILENAME 11feb10020red.fits -TLMAP_FILENAME 11feb10019tlm.fits -FFLAT_FILENAME 11feb10019red.fits -OUT_DIRNAME 11feb10024_outdir
      Copying 11feb10024red.fits to /home/staff/mq20101889/HERMES/reductions/m67_lr_6.2/cam1/
22:59:02 02/28/15 AEDT       >>Reducing science 11feb10025.fits
      OS Command drcontrol reduce_object 11feb10025.fits -idxfile no_flat_no_bias.idx -WAVEL_FILENAME 11feb10020red.fits -TLMAP_FILENAME 11feb10019tlm.fits -FFLAT_FILENAME 11feb10019red.fits -OUT_DIRNAME 11feb10025_outdir
      Copying 11feb10025red.fits to /home/staff/mq20101889/HERMES/reductions/m67_lr_6.2/cam1/
23:08:49 02/28/15 AEDT       >>Reducing science 11feb10026.fits
      OS Command drcontrol reduce_object 11feb10026.fits -idxfile no_flat_no_bias.idx -WAVEL_FILENAME 11feb10020red.fits -TLMAP_FILENAME 11feb10019tlm.fits -FFLAT_FILENAME 11feb10019red.fits -OUT_DIRNAME 11feb10026_outdir
      Copying 11feb10026red.fits to /home/staff/mq20101889/HERMES/reductions/m67_lr_6.2/cam1/
23:19:07 02/28/15 AEDT current folders is /home/staff/mq20101889/HERMES/reductions/m67_lr_6.2/11_11feb/2/
      Flat  11feb20019.fits
      Arc  11feb20020.fits
      Science files ['11feb20021.fits', '11feb20022.fits', '11feb20023.fits', '11feb20024.fits', '11feb20025.fits', '11feb20026.fits']
23:19:07 02/28/15 AEDT       >>Reducing flat
      OS Command drcontrol reduce_fflat 11feb20019.fits -idxfile no_flat_no_bias.idx -OUT_DIRNAME 11feb20019_outdir
23:30:10 02/28/15 AEDT       >>Reducing arc
      OS Command drcontrol reduce_arc 11feb20020.fits -idxfile no_flat_no_bias.idx -TLMAP_FILENAME 11feb20019tlm.fits -OUT_DIRNAME 11feb20020_outdir
23:40:25 02/28/15 AEDT       >>Scrunching flat
      OS Command drcontrol reduce_fflat 11feb20019.fits -idxfile no_flat_no_bias.idx -WAVEL_FILENAME 11feb20020red.fits -OUT_DIRNAME 11feb20019_outdir
23:51:23 02/28/15 AEDT       >>Reducing science 11feb20021.fits
      OS Command drcontrol reduce_object 11feb20021.fits -idxfile no_flat_no_bias.idx -WAVEL_FILENAME 11feb20020red.fits -TLMAP_FILENAME 11feb20019tlm.fits -FFLAT_FILENAME 11feb20019red.fits -OUT_DIRNAME 11feb20021_outdir
      Copying 11feb20021red.fits to /home/staff/mq20101889/HERMES/reductions/m67_lr_6.2/cam2/
00:01:15 03/01/15 AEDT       >>Reducing science 11feb20022.fits
      OS Command drcontrol reduce_object 11feb20022.fits -idxfile no_flat_no_bias.idx -WAVEL_FILENAME 11feb20020red.fits -TLMAP_FILENAME 11feb20019tlm.fits -FFLAT_FILENAME 11feb20019red.fits -OUT_DIRNAME 11feb20022_outdir
      Copying 11feb20022red.fits to /home/staff/mq20101889/HERMES/reductions/m67_lr_6.2/cam2/
00:11:39 03/01/15 AEDT       >>Reducing science 11feb20023.fits
      OS Command drcontrol reduce_object 11feb20023.fits -idxfile no_flat_no_bias.idx -WAVEL_FILENAME 11feb20020red.fits -TLMAP_FILENAME 11feb20019tlm.fits -FFLAT_FILENAME 11feb20019red.fits -OUT_DIRNAME 11feb20023_outdir
      Copying 11feb20023red.fits to /home/staff/mq20101889/HERMES/reductions/m67_lr_6.2/cam2/
00:21:50 03/01/15 AEDT       >>Reducing science 11feb20024.fits
      OS Command drcontrol reduce_object 11feb20024.fits -idxfile no_flat_no_bias.idx -WAVEL_FILENAME 11feb20020red.fits -TLMAP_FILENAME 11feb20019tlm.fits -FFLAT_FILENAME 11feb20019red.fits -OUT_DIRNAME 11feb20024_outdir
      Copying 11feb20024red.fits to /home/staff/mq20101889/HERMES/reductions/m67_lr_6.2/cam2/
00:30:57 03/01/15 AEDT       >>Reducing science 11feb20025.fits
      OS Command drcontrol reduce_object 11feb20025.fits -idxfile no_flat_no_bias.idx -WAVEL_FILENAME 11feb20020red.fits -TLMAP_FILENAME 11feb20019tlm.fits -FFLAT_FILENAME 11feb20019red.fits -OUT_DIRNAME 11feb20025_outdir
      Copying 11feb20025red.fits to /home/staff/mq20101889/HERMES/reductions/m67_lr_6.2/cam2/
00:43:19 03/01/15 AEDT       >>Reducing science 11feb20026.fits
      OS Command drcontrol reduce_object 11feb20026.fits -idxfile no_flat_no_bias.idx -WAVEL_FILENAME 11feb20020red.fits -TLMAP_FILENAME 11feb20019tlm.fits -FFLAT_FILENAME 11feb20019red.fits -OUT_DIRNAME 11feb20026_outdir
      Copying 11feb20026red.fits to /home/staff/mq20101889/HERMES/reductions/m67_lr_6.2/cam2/
00:53:03 03/01/15 AEDT current folders is /home/staff/mq20101889/HERMES/reductions/m67_lr_6.2/11_11feb/3/
      Flat  11feb30019.fits
      Arc  11feb30020.fits
      Science files ['11feb30021.fits', '11feb30022.fits', '11feb30023.fits', '11feb30024.fits', '11feb30025.fits', '11feb30026.fits']
00:53:03 03/01/15 AEDT       >>Reducing flat
      OS Command drcontrol reduce_fflat 11feb30019.fits -idxfile no_flat_no_bias.idx -OUT_DIRNAME 11feb30019_outdir
01:01:11 03/01/15 AEDT       >>Reducing arc
      OS Command drcontrol reduce_arc 11feb30020.fits -idxfile no_flat_no_bias.idx -TLMAP_FILENAME 11feb30019tlm.fits -OUT_DIRNAME 11feb30020_outdir
01:08:34 03/01/15 AEDT       >>Scrunching flat
      OS Command drcontrol reduce_fflat 11feb30019.fits -idxfile no_flat_no_bias.idx -WAVEL_FILENAME 11feb30020red.fits -OUT_DIRNAME 11feb30019_outdir
01:16:51 03/01/15 AEDT       >>Reducing science 11feb30021.fits
      OS Command drcontrol reduce_object 11feb30021.fits -idxfile no_flat_no_bias.idx -WAVEL_FILENAME 11feb30020red.fits -TLMAP_FILENAME 11feb30019tlm.fits -FFLAT_FILENAME 11feb30019red.fits -OUT_DIRNAME 11feb30021_outdir
      Copying 11feb30021red.fits to /home/staff/mq20101889/HERMES/reductions/m67_lr_6.2/cam3/
01:23:58 03/01/15 AEDT       >>Reducing science 11feb30022.fits
      OS Command drcontrol reduce_object 11feb30022.fits -idxfile no_flat_no_bias.idx -WAVEL_FILENAME 11feb30020red.fits -TLMAP_FILENAME 11feb30019tlm.fits -FFLAT_FILENAME 11feb30019red.fits -OUT_DIRNAME 11feb30022_outdir
      Copying 11feb30022red.fits to /home/staff/mq20101889/HERMES/reductions/m67_lr_6.2/cam3/
