21:17:31 02/28/15 AEDT   starting reduction
21:17:31 02/28/15 AEDT Created filenames for 4 channels. Example: ['07jan10058.fits', '07jan10057.fits', '07jan10059.fits', '07jan10060.fits', '07jan10061.fits']
21:17:31 02/28/15 AEDT current folders is /home/staff/mq20101889/HERMES/reductions/m67_lr_6.2/14_07jan/1/
      Flat  07jan10058.fits
      Arc  07jan10057.fits
      Science files ['07jan10059.fits', '07jan10060.fits', '07jan10061.fits']
21:17:31 02/28/15 AEDT       >>Reducing flat
      OS Command drcontrol reduce_fflat 07jan10058.fits -idxfile no_flat_no_bias.idx -OUT_DIRNAME 07jan10058_outdir
21:29:18 02/28/15 AEDT       >>Reducing arc
      OS Command drcontrol reduce_arc 07jan10057.fits -idxfile no_flat_no_bias.idx -TLMAP_FILENAME 07jan10058tlm.fits -OUT_DIRNAME 07jan10057_outdir
21:45:01 02/28/15 AEDT       >>Scrunching flat
      OS Command drcontrol reduce_fflat 07jan10058.fits -idxfile no_flat_no_bias.idx -WAVEL_FILENAME 07jan10057red.fits -OUT_DIRNAME 07jan10058_outdir
22:03:18 02/28/15 AEDT       >>Reducing science 07jan10059.fits
      OS Command drcontrol reduce_object 07jan10059.fits -idxfile no_flat_no_bias.idx -WAVEL_FILENAME 07jan10057red.fits -TLMAP_FILENAME 07jan10058tlm.fits -FFLAT_FILENAME 07jan10058red.fits -OUT_DIRNAME 07jan10059_outdir
      Copying 07jan10059red.fits to /home/staff/mq20101889/HERMES/reductions/m67_lr_6.2/cam1/
22:18:10 02/28/15 AEDT       >>Reducing science 07jan10060.fits
      OS Command drcontrol reduce_object 07jan10060.fits -idxfile no_flat_no_bias.idx -WAVEL_FILENAME 07jan10057red.fits -TLMAP_FILENAME 07jan10058tlm.fits -FFLAT_FILENAME 07jan10058red.fits -OUT_DIRNAME 07jan10060_outdir
      Copying 07jan10060red.fits to /home/staff/mq20101889/HERMES/reductions/m67_lr_6.2/cam1/
22:34:19 02/28/15 AEDT       >>Reducing science 07jan10061.fits
      OS Command drcontrol reduce_object 07jan10061.fits -idxfile no_flat_no_bias.idx -WAVEL_FILENAME 07jan10057red.fits -TLMAP_FILENAME 07jan10058tlm.fits -FFLAT_FILENAME 07jan10058red.fits -OUT_DIRNAME 07jan10061_outdir
      Copying 07jan10061red.fits to /home/staff/mq20101889/HERMES/reductions/m67_lr_6.2/cam1/
22:49:02 02/28/15 AEDT current folders is /home/staff/mq20101889/HERMES/reductions/m67_lr_6.2/14_07jan/2/
      Flat  07jan20058.fits
      Arc  07jan20057.fits
      Science files ['07jan20059.fits', '07jan20060.fits', '07jan20061.fits']
22:49:02 02/28/15 AEDT       >>Reducing flat
      OS Command drcontrol reduce_fflat 07jan20058.fits -idxfile no_flat_no_bias.idx -OUT_DIRNAME 07jan20058_outdir
22:59:51 02/28/15 AEDT       >>Reducing arc
      OS Command drcontrol reduce_arc 07jan20057.fits -idxfile no_flat_no_bias.idx -TLMAP_FILENAME 07jan20058tlm.fits -OUT_DIRNAME 07jan20057_outdir
23:09:42 02/28/15 AEDT       >>Scrunching flat
      OS Command drcontrol reduce_fflat 07jan20058.fits -idxfile no_flat_no_bias.idx -WAVEL_FILENAME 07jan20057red.fits -OUT_DIRNAME 07jan20058_outdir
23:20:19 02/28/15 AEDT       >>Reducing science 07jan20059.fits
      OS Command drcontrol reduce_object 07jan20059.fits -idxfile no_flat_no_bias.idx -WAVEL_FILENAME 07jan20057red.fits -TLMAP_FILENAME 07jan20058tlm.fits -FFLAT_FILENAME 07jan20058red.fits -OUT_DIRNAME 07jan20059_outdir
      Copying 07jan20059red.fits to /home/staff/mq20101889/HERMES/reductions/m67_lr_6.2/cam2/
23:29:53 02/28/15 AEDT       >>Reducing science 07jan20060.fits
      OS Command drcontrol reduce_object 07jan20060.fits -idxfile no_flat_no_bias.idx -WAVEL_FILENAME 07jan20057red.fits -TLMAP_FILENAME 07jan20058tlm.fits -FFLAT_FILENAME 07jan20058red.fits -OUT_DIRNAME 07jan20060_outdir
      Copying 07jan20060red.fits to /home/staff/mq20101889/HERMES/reductions/m67_lr_6.2/cam2/
23:39:59 02/28/15 AEDT       >>Reducing science 07jan20061.fits
      OS Command drcontrol reduce_object 07jan20061.fits -idxfile no_flat_no_bias.idx -WAVEL_FILENAME 07jan20057red.fits -TLMAP_FILENAME 07jan20058tlm.fits -FFLAT_FILENAME 07jan20058red.fits -OUT_DIRNAME 07jan20061_outdir
      Copying 07jan20061red.fits to /home/staff/mq20101889/HERMES/reductions/m67_lr_6.2/cam2/
23:50:31 02/28/15 AEDT current folders is /home/staff/mq20101889/HERMES/reductions/m67_lr_6.2/14_07jan/3/
      Flat  07jan30058.fits
      Arc  07jan30057.fits
      Science files ['07jan30059.fits', '07jan30060.fits', '07jan30061.fits']
23:50:31 02/28/15 AEDT       >>Reducing flat
      OS Command drcontrol reduce_fflat 07jan30058.fits -idxfile no_flat_no_bias.idx -OUT_DIRNAME 07jan30058_outdir
00:01:45 03/01/15 AEDT       >>Reducing arc
      OS Command drcontrol reduce_arc 07jan30057.fits -idxfile no_flat_no_bias.idx -TLMAP_FILENAME 07jan30058tlm.fits -OUT_DIRNAME 07jan30057_outdir
00:12:05 03/01/15 AEDT       >>Scrunching flat
      OS Command drcontrol reduce_fflat 07jan30058.fits -idxfile no_flat_no_bias.idx -WAVEL_FILENAME 07jan30057red.fits -OUT_DIRNAME 07jan30058_outdir
00:22:47 03/01/15 AEDT       >>Reducing science 07jan30059.fits
      OS Command drcontrol reduce_object 07jan30059.fits -idxfile no_flat_no_bias.idx -WAVEL_FILENAME 07jan30057red.fits -TLMAP_FILENAME 07jan30058tlm.fits -FFLAT_FILENAME 07jan30058red.fits -OUT_DIRNAME 07jan30059_outdir
      Copying 07jan30059red.fits to /home/staff/mq20101889/HERMES/reductions/m67_lr_6.2/cam3/
00:31:34 03/01/15 AEDT       >>Reducing science 07jan30060.fits
      OS Command drcontrol reduce_object 07jan30060.fits -idxfile no_flat_no_bias.idx -WAVEL_FILENAME 07jan30057red.fits -TLMAP_FILENAME 07jan30058tlm.fits -FFLAT_FILENAME 07jan30058red.fits -OUT_DIRNAME 07jan30060_outdir
      Copying 07jan30060red.fits to /home/staff/mq20101889/HERMES/reductions/m67_lr_6.2/cam3/
00:43:31 03/01/15 AEDT       >>Reducing science 07jan30061.fits
      OS Command drcontrol reduce_object 07jan30061.fits -idxfile no_flat_no_bias.idx -WAVEL_FILENAME 07jan30057red.fits -TLMAP_FILENAME 07jan30058tlm.fits -FFLAT_FILENAME 07jan30058red.fits -OUT_DIRNAME 07jan30061_outdir
      Copying 07jan30061red.fits to /home/staff/mq20101889/HERMES/reductions/m67_lr_6.2/cam3/
00:53:07 03/01/15 AEDT current folders is /home/staff/mq20101889/HERMES/reductions/m67_lr_6.2/14_07jan/4/
      Flat  07jan40058.fits
      Arc  07jan40057.fits
      Science files ['07jan40059.fits', '07jan40060.fits', '07jan40061.fits']
00:53:07 03/01/15 AEDT       >>Reducing flat
      OS Command drcontrol reduce_fflat 07jan40058.fits -idxfile no_flat_no_bias.idx -OUT_DIRNAME 07jan40058_outdir
01:01:16 03/01/15 AEDT       >>Reducing arc
      OS Command drcontrol reduce_arc 07jan40057.fits -idxfile no_flat_no_bias.idx -TLMAP_FILENAME 07jan40058tlm.fits -OUT_DIRNAME 07jan40057_outdir
01:08:47 03/01/15 AEDT       >>Scrunching flat
      OS Command drcontrol reduce_fflat 07jan40058.fits -idxfile no_flat_no_bias.idx -WAVEL_FILENAME 07jan40057red.fits -OUT_DIRNAME 07jan40058_outdir
01:17:09 03/01/15 AEDT       >>Reducing science 07jan40059.fits
      OS Command drcontrol reduce_object 07jan40059.fits -idxfile no_flat_no_bias.idx -WAVEL_FILENAME 07jan40057red.fits -TLMAP_FILENAME 07jan40058tlm.fits -FFLAT_FILENAME 07jan40058red.fits -OUT_DIRNAME 07jan40059_outdir
      Copying 07jan40059red.fits to /home/staff/mq20101889/HERMES/reductions/m67_lr_6.2/cam4/
01:24:11 03/01/15 AEDT       >>Reducing science 07jan40060.fits
      OS Command drcontrol reduce_object 07jan40060.fits -idxfile no_flat_no_bias.idx -WAVEL_FILENAME 07jan40057red.fits -TLMAP_FILENAME 07jan40058tlm.fits -FFLAT_FILENAME 07jan40058red.fits -OUT_DIRNAME 07jan40060_outdir
      Copying 07jan40060red.fits to /home/staff/mq20101889/HERMES/reductions/m67_lr_6.2/cam4/
