21:16:47 02/28/15 AEDT   starting reduction
21:16:47 02/28/15 AEDT Created filenames for 4 channels. Example: ['07jan10053.fits', '07jan10052.fits', '07jan10054.fits', '07jan10055.fits', '07jan10056.fits']
21:16:47 02/28/15 AEDT current folders is /home/staff/mq20101889/HERMES/reductions/m67_lr_6.2/13_07jan/1/
      Flat  07jan10053.fits
      Arc  07jan10052.fits
      Science files ['07jan10054.fits', '07jan10055.fits', '07jan10056.fits']
21:16:47 02/28/15 AEDT       >>Reducing flat
      OS Command drcontrol reduce_fflat 07jan10053.fits -idxfile no_flat_no_bias.idx -OUT_DIRNAME 07jan10053_outdir
21:28:58 02/28/15 AEDT       >>Reducing arc
      OS Command drcontrol reduce_arc 07jan10052.fits -idxfile no_flat_no_bias.idx -TLMAP_FILENAME 07jan10053tlm.fits -OUT_DIRNAME 07jan10052_outdir
21:44:39 02/28/15 AEDT       >>Scrunching flat
      OS Command drcontrol reduce_fflat 07jan10053.fits -idxfile no_flat_no_bias.idx -WAVEL_FILENAME 07jan10052red.fits -OUT_DIRNAME 07jan10053_outdir
22:01:59 02/28/15 AEDT       >>Reducing science 07jan10054.fits
      OS Command drcontrol reduce_object 07jan10054.fits -idxfile no_flat_no_bias.idx -WAVEL_FILENAME 07jan10052red.fits -TLMAP_FILENAME 07jan10053tlm.fits -FFLAT_FILENAME 07jan10053red.fits -OUT_DIRNAME 07jan10054_outdir
      Copying 07jan10054red.fits to /home/staff/mq20101889/HERMES/reductions/m67_lr_6.2/cam1/
22:16:20 02/28/15 AEDT       >>Reducing science 07jan10055.fits
      OS Command drcontrol reduce_object 07jan10055.fits -idxfile no_flat_no_bias.idx -WAVEL_FILENAME 07jan10052red.fits -TLMAP_FILENAME 07jan10053tlm.fits -FFLAT_FILENAME 07jan10053red.fits -OUT_DIRNAME 07jan10055_outdir
      Copying 07jan10055red.fits to /home/staff/mq20101889/HERMES/reductions/m67_lr_6.2/cam1/
22:31:16 02/28/15 AEDT       >>Reducing science 07jan10056.fits
      OS Command drcontrol reduce_object 07jan10056.fits -idxfile no_flat_no_bias.idx -WAVEL_FILENAME 07jan10052red.fits -TLMAP_FILENAME 07jan10053tlm.fits -FFLAT_FILENAME 07jan10053red.fits -OUT_DIRNAME 07jan10056_outdir
      Copying 07jan10056red.fits to /home/staff/mq20101889/HERMES/reductions/m67_lr_6.2/cam1/
22:48:59 02/28/15 AEDT current folders is /home/staff/mq20101889/HERMES/reductions/m67_lr_6.2/13_07jan/2/
      Flat  07jan20053.fits
      Arc  07jan20052.fits
      Science files ['07jan20054.fits', '07jan20055.fits', '07jan20056.fits']
22:48:59 02/28/15 AEDT       >>Reducing flat
      OS Command drcontrol reduce_fflat 07jan20053.fits -idxfile no_flat_no_bias.idx -OUT_DIRNAME 07jan20053_outdir
22:59:51 02/28/15 AEDT       >>Reducing arc
      OS Command drcontrol reduce_arc 07jan20052.fits -idxfile no_flat_no_bias.idx -TLMAP_FILENAME 07jan20053tlm.fits -OUT_DIRNAME 07jan20052_outdir
23:09:32 02/28/15 AEDT       >>Scrunching flat
      OS Command drcontrol reduce_fflat 07jan20053.fits -idxfile no_flat_no_bias.idx -WAVEL_FILENAME 07jan20052red.fits -OUT_DIRNAME 07jan20053_outdir
23:20:12 02/28/15 AEDT       >>Reducing science 07jan20054.fits
      OS Command drcontrol reduce_object 07jan20054.fits -idxfile no_flat_no_bias.idx -WAVEL_FILENAME 07jan20052red.fits -TLMAP_FILENAME 07jan20053tlm.fits -FFLAT_FILENAME 07jan20053red.fits -OUT_DIRNAME 07jan20054_outdir
      Copying 07jan20054red.fits to /home/staff/mq20101889/HERMES/reductions/m67_lr_6.2/cam2/
23:29:52 02/28/15 AEDT       >>Reducing science 07jan20055.fits
      OS Command drcontrol reduce_object 07jan20055.fits -idxfile no_flat_no_bias.idx -WAVEL_FILENAME 07jan20052red.fits -TLMAP_FILENAME 07jan20053tlm.fits -FFLAT_FILENAME 07jan20053red.fits -OUT_DIRNAME 07jan20055_outdir
      Copying 07jan20055red.fits to /home/staff/mq20101889/HERMES/reductions/m67_lr_6.2/cam2/
23:39:55 02/28/15 AEDT       >>Reducing science 07jan20056.fits
      OS Command drcontrol reduce_object 07jan20056.fits -idxfile no_flat_no_bias.idx -WAVEL_FILENAME 07jan20052red.fits -TLMAP_FILENAME 07jan20053tlm.fits -FFLAT_FILENAME 07jan20053red.fits -OUT_DIRNAME 07jan20056_outdir
      Copying 07jan20056red.fits to /home/staff/mq20101889/HERMES/reductions/m67_lr_6.2/cam2/
23:50:27 02/28/15 AEDT current folders is /home/staff/mq20101889/HERMES/reductions/m67_lr_6.2/13_07jan/3/
      Flat  07jan30053.fits
      Arc  07jan30052.fits
      Science files ['07jan30054.fits', '07jan30055.fits', '07jan30056.fits']
23:50:27 02/28/15 AEDT       >>Reducing flat
      OS Command drcontrol reduce_fflat 07jan30053.fits -idxfile no_flat_no_bias.idx -OUT_DIRNAME 07jan30053_outdir
00:01:37 03/01/15 AEDT       >>Reducing arc
      OS Command drcontrol reduce_arc 07jan30052.fits -idxfile no_flat_no_bias.idx -TLMAP_FILENAME 07jan30053tlm.fits -OUT_DIRNAME 07jan30052_outdir
00:12:14 03/01/15 AEDT       >>Scrunching flat
      OS Command drcontrol reduce_fflat 07jan30053.fits -idxfile no_flat_no_bias.idx -WAVEL_FILENAME 07jan30052red.fits -OUT_DIRNAME 07jan30053_outdir
00:22:43 03/01/15 AEDT       >>Reducing science 07jan30054.fits
      OS Command drcontrol reduce_object 07jan30054.fits -idxfile no_flat_no_bias.idx -WAVEL_FILENAME 07jan30052red.fits -TLMAP_FILENAME 07jan30053tlm.fits -FFLAT_FILENAME 07jan30053red.fits -OUT_DIRNAME 07jan30054_outdir
      Copying 07jan30054red.fits to /home/staff/mq20101889/HERMES/reductions/m67_lr_6.2/cam3/
00:31:35 03/01/15 AEDT       >>Reducing science 07jan30055.fits
      OS Command drcontrol reduce_object 07jan30055.fits -idxfile no_flat_no_bias.idx -WAVEL_FILENAME 07jan30052red.fits -TLMAP_FILENAME 07jan30053tlm.fits -FFLAT_FILENAME 07jan30053red.fits -OUT_DIRNAME 07jan30055_outdir
      Copying 07jan30055red.fits to /home/staff/mq20101889/HERMES/reductions/m67_lr_6.2/cam3/
00:43:29 03/01/15 AEDT       >>Reducing science 07jan30056.fits
      OS Command drcontrol reduce_object 07jan30056.fits -idxfile no_flat_no_bias.idx -WAVEL_FILENAME 07jan30052red.fits -TLMAP_FILENAME 07jan30053tlm.fits -FFLAT_FILENAME 07jan30053red.fits -OUT_DIRNAME 07jan30056_outdir
      Copying 07jan30056red.fits to /home/staff/mq20101889/HERMES/reductions/m67_lr_6.2/cam3/
00:53:06 03/01/15 AEDT current folders is /home/staff/mq20101889/HERMES/reductions/m67_lr_6.2/13_07jan/4/
      Flat  07jan40053.fits
      Arc  07jan40052.fits
      Science files ['07jan40054.fits', '07jan40055.fits', '07jan40056.fits']
00:53:06 03/01/15 AEDT       >>Reducing flat
      OS Command drcontrol reduce_fflat 07jan40053.fits -idxfile no_flat_no_bias.idx -OUT_DIRNAME 07jan40053_outdir
01:01:13 03/01/15 AEDT       >>Reducing arc
      OS Command drcontrol reduce_arc 07jan40052.fits -idxfile no_flat_no_bias.idx -TLMAP_FILENAME 07jan40053tlm.fits -OUT_DIRNAME 07jan40052_outdir
01:08:37 03/01/15 AEDT       >>Scrunching flat
      OS Command drcontrol reduce_fflat 07jan40053.fits -idxfile no_flat_no_bias.idx -WAVEL_FILENAME 07jan40052red.fits -OUT_DIRNAME 07jan40053_outdir
01:17:00 03/01/15 AEDT       >>Reducing science 07jan40054.fits
      OS Command drcontrol reduce_object 07jan40054.fits -idxfile no_flat_no_bias.idx -WAVEL_FILENAME 07jan40052red.fits -TLMAP_FILENAME 07jan40053tlm.fits -FFLAT_FILENAME 07jan40053red.fits -OUT_DIRNAME 07jan40054_outdir
      Copying 07jan40054red.fits to /home/staff/mq20101889/HERMES/reductions/m67_lr_6.2/cam4/
01:24:07 03/01/15 AEDT       >>Reducing science 07jan40055.fits
      OS Command drcontrol reduce_object 07jan40055.fits -idxfile no_flat_no_bias.idx -WAVEL_FILENAME 07jan40052red.fits -TLMAP_FILENAME 07jan40053tlm.fits -FFLAT_FILENAME 07jan40053red.fits -OUT_DIRNAME 07jan40055_outdir
      Copying 07jan40055red.fits to /home/staff/mq20101889/HERMES/reductions/m67_lr_6.2/cam4/
